-------------------------------------------------------------------------------
Test set: TestSuite
-------------------------------------------------------------------------------
Tests run: 2, Failures: 1, Errors: 0, Skipped: 0, Time elapsed: 0.474 s <<< FAILURE! - in TestSuite
setup(com.maven.BaseClass)  Time elapsed: 0.103 s  <<< FAILURE!
java.lang.IllegalStateException: The driver executable does not exist: /Users/waqaskhan/Documents/JAR Files/chromedriver
	at com.maven.BaseClass.setup(BaseClass.java:16)

