<?xml version="1.0" encoding="UTF-8"?>
<testng-results skipped="0" failed="0" ignored="0" total="2" passed="2">
  <reporter-output>
  </reporter-output>
  <suite name="Suite" duration-ms="4115" started-at="2018-12-27T22:47:53Z" finished-at="2018-12-27T22:47:57Z">
    <groups>
    </groups>
    <test name="Test" duration-ms="4115" started-at="2018-12-27T22:47:53Z" finished-at="2018-12-27T22:47:57Z">
      <class name="com.maven.BaseClass">
        <test-method status="PASS" signature="setup()[pri:0, instance:com.maven.BaseClass@63e2203c]" name="setup" duration-ms="4094" started-at="2018-12-27T22:47:53Z" finished-at="2018-12-27T22:47:57Z">
          <reporter-output>
          </reporter-output>
        </test-method> <!-- setup -->
      </class> <!-- com.maven.BaseClass -->
    </test> <!-- Test -->
  </suite> <!-- Suite -->
  <suite name="Suite (0)" duration-ms="1" started-at="2018-12-27T22:47:57Z" finished-at="2018-12-27T22:47:57Z">
    <groups>
    </groups>
    <test name="Test" duration-ms="1" started-at="2018-12-27T22:47:57Z" finished-at="2018-12-27T22:47:57Z">
      <class name="com.maven.MavenTest">
        <test-method status="PASS" signature="hello()[pri:0, instance:com.maven.MavenTest@184f6be2]" name="hello" duration-ms="1" started-at="2018-12-27T22:47:57Z" finished-at="2018-12-27T22:47:57Z">
          <reporter-output>
          </reporter-output>
        </test-method> <!-- hello -->
      </class> <!-- com.maven.MavenTest -->
    </test> <!-- Test -->
  </suite> <!-- Suite (0) -->
</testng-results>
