<?xml version="1.0" encoding="UTF-8"?>
<testsuite xmlns:xsi="http://www.w3.org/2001/XMLSchema-instance" xsi:noNamespaceSchemaLocation="https://maven.apache.org/surefire/maven-surefire-plugin/xsd/surefire-test-report.xsd" name="TestSuite" time="0.474" tests="2" errors="0" skipped="0" failures="1">
  <properties>
[...]
</properties>
  <testcase name="setup" classname="com.maven.BaseClass" time="0.103">
    <failure message="The driver executable does not exist: /Users/waqaskhan/Documents/JAR Files/chromedriver" type="java.lang.IllegalStateException">java.lang.IllegalStateException: The driver executable does not exist: /Users/waqaskhan/Documents/JAR Files/chromedriver
	at com.maven.BaseClass.setup(BaseClass.java:16)
</failure>
  </testcase>
  <testcase name="hello" classname="com.maven.MavenTest" time="0"/>
</testsuite>