<?xml version="1.0" encoding="UTF-8"?>
<testng-results skipped="0" failed="0" ignored="0" total="1" passed="1">
  <reporter-output>
  </reporter-output>
  <suite name="Default suite" duration-ms="32" started-at="2018-12-27T22:41:39Z" finished-at="2018-12-27T22:41:39Z">
    <groups>
    </groups>
    <test name="Default test" duration-ms="32" started-at="2018-12-27T22:41:39Z" finished-at="2018-12-27T22:41:39Z">
      <class name="com.maven.MavenTest">
        <test-method status="PASS" signature="hello()[pri:0, instance:com.maven.MavenTest@5f3a4b84]" name="hello" duration-ms="8" started-at="2018-12-27T22:41:39Z" finished-at="2018-12-27T22:41:39Z">
          <reporter-output>
          </reporter-output>
        </test-method> <!-- hello -->
      </class> <!-- com.maven.MavenTest -->
    </test> <!-- Default test -->
  </suite> <!-- Default suite -->
</testng-results>
